<?xml version="1.0" encoding="UTF-8"?>
<testng-results skipped="0" failed="0" ignored="0" total="2" passed="2">
  <reporter-output>
  </reporter-output>
  <suite name="Suite" duration-ms="33926" started-at="2021-04-06T07:35:26Z" finished-at="2021-04-06T07:36:00Z">
    <groups>
    </groups>
    <test name="Test" duration-ms="33926" started-at="2021-04-06T07:35:26Z" finished-at="2021-04-06T07:36:00Z">
      <class name="testng.Assertion">
        <test-method status="PASS" signature="initializedriver()[pri:0, instance:testng.Assertion@643b1d11]" name="initializedriver" is-config="true" duration-ms="33803" started-at="2021-04-06T13:05:26Z" finished-at="2021-04-06T13:06:00Z">
          <reporter-output>
          </reporter-output>
        </test-method> <!-- initializedriver -->
        <test-method status="PASS" signature="verifyTitle()[pri:0, instance:testng.Assertion@643b1d11]" name="verifyTitle" duration-ms="11" started-at="2021-04-06T13:06:00Z" finished-at="2021-04-06T13:06:00Z">
          <reporter-output>
          </reporter-output>
        </test-method> <!-- verifyTitle -->
        <test-method status="PASS" signature="closebrowser()[pri:0, instance:testng.Assertion@643b1d11]" name="closebrowser" is-config="true" duration-ms="88" started-at="2021-04-06T13:06:00Z" finished-at="2021-04-06T13:06:00Z">
          <reporter-output>
          </reporter-output>
        </test-method> <!-- closebrowser -->
      </class> <!-- testng.Assertion -->
      <class name="testng.NewTest">
        <test-method status="PASS" signature="f()[pri:0, instance:testng.NewTest@2ef5e5e3]" name="f" duration-ms="4" started-at="2021-04-06T13:06:00Z" finished-at="2021-04-06T13:06:00Z">
          <reporter-output>
          </reporter-output>
        </test-method> <!-- f -->
        <test-method status="PASS" signature="f1()[pri:0, instance:testng.NewTest@2ef5e5e3]" name="f1" is-config="true" duration-ms="0" started-at="2021-04-06T13:06:00Z" finished-at="2021-04-06T13:06:00Z">
          <reporter-output>
          </reporter-output>
        </test-method> <!-- f1 -->
        <test-method status="PASS" signature="f2()[pri:0, instance:testng.NewTest@2ef5e5e3]" name="f2" is-config="true" duration-ms="0" started-at="2021-04-06T13:06:00Z" finished-at="2021-04-06T13:06:00Z">
          <reporter-output>
          </reporter-output>
        </test-method> <!-- f2 -->
      </class> <!-- testng.NewTest -->
    </test> <!-- Test -->
  </suite> <!-- Suite -->
</testng-results>
